# JRE version: OpenJDK Runtime Environment Temurin-18.0.1+10 (18.0.1+10) (build 18.0.1+10)
# Java VM: OpenJDK 64-Bit Server VM Temurin-18.0.1+10 (18.0.1+10, mixed mode, sharing, tiered, compressed oops, compressed class ptrs, g1 gc, linux-amd64)
GC Precious Log:
 CardTable entry size: 512
 Card Set container configuration: InlinePtr #cards 4 size 8 Array Of Cards #cards 16 size 48 Howl #buckets 8 coarsen threshold 3686 Howl Bitmap #cards 512 size 80 coarsen threshold 460 Card regions per heap region 1 cards per card region 4096
 CPUs: 12 total, 12 available
 Memory: 15334M
 Large Page Support: Disabled
 NUMA Support: Disabled
 Compressed Oops: Enabled (Zero based)
 Heap Region Size: 2M
 Heap Min Capacity: 8M
 Heap Initial Capacity: 240M
 Heap Max Capacity: 3834M
 Pre-touch: Disabled
 Parallel Workers: 10
 Concurrent Workers: 3
 Concurrent Refinement Workers: 10
 Periodic GC: Disabled
Heap:
 garbage-first heap   total 376832K, used 212961K [0x0000000710600000, 0x0000000800000000)
  region size 2048K, 70 young (143360K), 2 survivors (4096K)
 Metaspace       used 116855K, committed 118080K, reserved 1179648K
  class space    used 12674K, committed 13312K, reserved 1048576K
GC Heap History (20 events):
Event: 5.172 GC heap before
{Heap before GC invocations=15 (full 0):
 garbage-first heap   total 137216K, used 53013K [0x0000000710600000, 0x0000000800000000)
  region size 2048K, 6 young (12288K), 5 survivors (10240K)
 Metaspace       used 65100K, committed 66112K, reserved 1114112K
  class space    used 7683K, committed 8192K, reserved 1048576K
}
Event: 5.179 GC heap after
{Heap after GC invocations=16 (full 0):
 garbage-first heap   total 137216K, used 51968K [0x0000000710600000, 0x0000000800000000)
  region size 2048K, 1 young (2048K), 1 survivors (2048K)
 Metaspace       used 65100K, committed 66112K, reserved 1114112K
  class space    used 7683K, committed 8192K, reserved 1048576K
}
Event: 5.562 GC heap before
{Heap before GC invocations=16 (full 0):
 garbage-first heap   total 137216K, used 103168K [0x0000000710600000, 0x0000000800000000)
  region size 2048K, 27 young (55296K), 1 survivors (2048K)
 Metaspace       used 66752K, committed 67648K, reserved 1114112K
  class space    used 7786K, committed 8256K, reserved 1048576K
}
Event: 5.568 GC heap after
{Heap after GC invocations=17 (full 0):
 garbage-first heap   total 188416K, used 56454K [0x0000000710600000, 0x0000000800000000)
  region size 2048K, 4 young (8192K), 4 survivors (8192K)
 Metaspace       used 66752K, committed 67648K, reserved 1114112K
  class space    used 7786K, committed 8256K, reserved 1048576K
}
Event: 6.562 GC heap before
{Heap before GC invocations=17 (full 0):
 garbage-first heap   total 188416K, used 136326K [0x0000000710600000, 0x0000000800000000)
  region size 2048K, 44 young (90112K), 4 survivors (8192K)
 Metaspace       used 74087K, committed 75072K, reserved 1179648K
  class space    used 8380K, committed 8896K, reserved 1048576K
}
Event: 6.569 GC heap after
{Heap after GC invocations=18 (full 0):
 garbage-first heap   total 188416K, used 61652K [0x0000000710600000, 0x0000000800000000)
  region size 2048K, 6 young (12288K), 6 survivors (12288K)
 Metaspace       used 74087K, committed 75072K, reserved 1179648K
  class space    used 8380K, committed 8896K, reserved 1048576K
}
Event: 7.434 GC heap before
{Heap before GC invocations=18 (full 0):
 garbage-first heap   total 188416K, used 141524K [0x0000000710600000, 0x0000000800000000)
  region size 2048K, 45 young (92160K), 6 survivors (12288K)
 Metaspace       used 84919K, committed 85888K, reserved 1179648K
  class space    used 9493K, committed 9984K, reserved 1048576K
}
Event: 7.442 GC heap after
{Heap after GC invocations=19 (full 0):
 garbage-first heap   total 188416K, used 65740K [0x0000000710600000, 0x0000000800000000)
  region size 2048K, 5 young (10240K), 5 survivors (10240K)
 Metaspace       used 84919K, committed 85888K, reserved 1179648K
  class space    used 9493K, committed 9984K, reserved 1048576K
}
Event: 8.275 GC heap before
{Heap before GC invocations=19 (full 0):
 garbage-first heap   total 188416K, used 145612K [0x0000000710600000, 0x0000000800000000)
  region size 2048K, 44 young (90112K), 5 survivors (10240K)
 Metaspace       used 96634K, committed 97664K, reserved 1179648K
  class space    used 10701K, committed 11200K, reserved 1048576K
}
Event: 8.284 GC heap after
{Heap after GC invocations=20 (full 0):
 garbage-first heap   total 188416K, used 71770K [0x0000000710600000, 0x0000000800000000)
  region size 2048K, 5 young (10240K), 5 survivors (10240K)
 Metaspace       used 96634K, committed 97664K, reserved 1179648K
  class space    used 10701K, committed 11200K, reserved 1048576K
}
Event: 8.635 GC heap before
{Heap before GC invocations=20 (full 0):
 garbage-first heap   total 188416K, used 147546K [0x0000000710600000, 0x0000000800000000)
  region size 2048K, 40 young (81920K), 5 survivors (10240K)
 Metaspace       used 99479K, committed 100480K, reserved 1179648K
  class space    used 10970K, committed 11520K, reserved 1048576K
}
Event: 8.640 GC heap after
{Heap after GC invocations=21 (full 0):
 garbage-first heap   total 188416K, used 78500K [0x0000000710600000, 0x0000000800000000)
  region size 2048K, 4 young (8192K), 4 survivors (8192K)
 Metaspace       used 99479K, committed 100480K, reserved 1179648K
  class space    used 10970K, committed 11520K, reserved 1048576K
}
Event: 8.739 GC heap before
{Heap before GC invocations=21 (full 0):
 garbage-first heap   total 188416K, used 115364K [0x0000000710600000, 0x0000000800000000)
  region size 2048K, 23 young (47104K), 4 survivors (8192K)
 Metaspace       used 99614K, committed 100608K, reserved 1179648K
  class space    used 10972K, committed 11520K, reserved 1048576K
}
Event: 8.742 GC heap after
{Heap after GC invocations=22 (full 0):
 garbage-first heap   total 188416K, used 80147K [0x0000000710600000, 0x0000000800000000)
  region size 2048K, 2 young (4096K), 2 survivors (4096K)
 Metaspace       used 99614K, committed 100608K, reserved 1179648K
  class space    used 10972K, committed 11520K, reserved 1048576K
}
Event: 9.027 GC heap before
{Heap before GC invocations=23 (full 0):
 garbage-first heap   total 188416K, used 147731K [0x0000000710600000, 0x0000000800000000)
  region size 2048K, 35 young (71680K), 2 survivors (4096K)
 Metaspace       used 101070K, committed 102080K, reserved 1179648K
  class space    used 11111K, committed 11648K, reserved 1048576K
}
Event: 9.032 GC heap after
{Heap after GC invocations=24 (full 0):
 garbage-first heap   total 188416K, used 87747K [0x0000000710600000, 0x0000000800000000)
  region size 2048K, 5 young (10240K), 5 survivors (10240K)
 Metaspace       used 101070K, committed 102080K, reserved 1179648K
  class space    used 11111K, committed 11648K, reserved 1048576K
}
Event: 9.042 GC heap before
{Heap before GC invocations=24 (full 0):
 garbage-first heap   total 188416K, used 89795K [0x0000000710600000, 0x0000000800000000)
  region size 2048K, 6 young (12288K), 5 survivors (10240K)
 Metaspace       used 101172K, committed 102272K, reserved 1179648K
  class space    used 11123K, committed 11712K, reserved 1048576K
}
Event: 9.047 GC heap after
{Heap after GC invocations=25 (full 0):
 garbage-first heap   total 188416K, used 76016K [0x0000000710600000, 0x0000000800000000)
  region size 2048K, 1 young (2048K), 1 survivors (2048K)
 Metaspace       used 101172K, committed 102272K, reserved 1179648K
  class space    used 11123K, committed 11712K, reserved 1048576K
}
Event: 9.314 GC heap before
{Heap before GC invocations=25 (full 0):
 garbage-first heap   total 188416K, used 143600K [0x0000000710600000, 0x0000000800000000)
  region size 2048K, 34 young (69632K), 1 survivors (2048K)
 Metaspace       used 103185K, committed 104320K, reserved 1179648K
  class space    used 11272K, committed 11840K, reserved 1048576K
}
Event: 9.318 GC heap after
{Heap after GC invocations=26 (full 0):
 garbage-first heap   total 376832K, used 77793K [0x0000000710600000, 0x0000000800000000)
  region size 2048K, 2 young (4096K), 2 survivors (4096K)
 Metaspace       used 103185K, committed 104320K, reserved 1179648K
  class space    used 11272K, committed 11840K, reserved 1048576K
}

